TN:
SF:script/Bjustcoin.s.sol
FN:10,BjustcoinScript.setUp
FNDA:0,BjustcoinScript.setUp
FN:12,BjustcoinScript.run
FNDA:0,BjustcoinScript.run
DA:13,0
DA:15,0
DA:17,0
FNF:2
FNH:0
LF:3
LH:0
BRF:0
BRH:0
end_of_record
TN:
SF:src/Bjustcoin.sol
FN:13,Bjustcoin.
FNDA:39,Bjustcoin.
DA:14,39
FN:17,Bjustcoin.blacklist
FNDA:0,Bjustcoin.blacklist
DA:18,0
FN:21,Bjustcoin.burn
FNDA:3,Bjustcoin.burn
DA:22,3
FN:25,Bjustcoin._update
FNDA:108,Bjustcoin._update
DA:26,108
BRDA:26,0,0,-
BRDA:26,0,1,108
DA:27,108
FNF:4
FNH:3
LF:5
LH:4
BRF:2
BRH:1
end_of_record
TN:
SF:src/ICOManager.sol
FN:71,ICOManager.notInBlackList
FNDA:3,ICOManager.notInBlackList
DA:72,3
BRDA:72,0,0,-
BRDA:72,0,1,3
FN:81,ICOManager.
FNDA:39,ICOManager.
DA:82,39
DA:83,39
DA:84,39
DA:85,39
DA:86,39
DA:87,39
DA:88,0
DA:89,0
DA:92,39
DA:93,39
DA:101,39
DA:102,39
DA:103,39
DA:104,39
DA:105,39
DA:106,39
DA:107,39
FN:110,ICOManager.getBaseToken
FNDA:148,ICOManager.getBaseToken
DA:111,148
FN:114,ICOManager.blacklist
FNDA:0,ICOManager.blacklist
DA:115,0
DA:116,0
FN:132,ICOManager.getICOStage
FNDA:215,ICOManager.getICOStage
DA:133,215
FN:136,ICOManager.strategicToken
FNDA:123,ICOManager.strategicToken
DA:137,123
FN:140,ICOManager.seedToken
FNDA:121,ICOManager.seedToken
DA:141,121
FN:144,ICOManager.privateSaleToken
FNDA:108,ICOManager.privateSaleToken
DA:145,108
FN:148,ICOManager.idoToken
FNDA:118,ICOManager.idoToken
DA:149,118
FN:152,ICOManager.publicSaleToken
FNDA:116,ICOManager.publicSaleToken
DA:153,116
FN:156,ICOManager.advisorsToken
FNDA:38,ICOManager.advisorsToken
DA:157,38
FN:160,ICOManager.teamToken
FNDA:38,ICOManager.teamToken
DA:161,38
FN:164,ICOManager.futureTeamToken
FNDA:37,ICOManager.futureTeamToken
DA:165,37
FN:168,ICOManager.incentivesToken
FNDA:38,ICOManager.incentivesToken
DA:169,38
FN:172,ICOManager.liquidityToken
FNDA:38,ICOManager.liquidityToken
DA:173,38
FN:176,ICOManager.ecosystemToken
FNDA:38,ICOManager.ecosystemToken
DA:177,38
FN:180,ICOManager.loyaltyToken
FNDA:37,ICOManager.loyaltyToken
DA:181,37
FN:184,ICOManager.getTokenomicStage
FNDA:52,ICOManager.getTokenomicStage
DA:185,52
BRDA:185,1,0,-
BRDA:185,1,1,52
DA:186,52
BRDA:186,2,0,-
BRDA:186,2,1,52
DA:187,52
BRDA:187,3,0,8
BRDA:187,3,1,5
DA:188,44
BRDA:188,4,0,15
BRDA:188,4,1,5
DA:189,29
BRDA:189,5,0,13
BRDA:189,5,1,5
DA:190,16
FN:194,ICOManager.getTokenomicStage
FNDA:0,ICOManager.getTokenomicStage
DA:195,0
FN:198,ICOManager.nextICOStage
FNDA:39,ICOManager.nextICOStage
DA:199,39
BRDA:199,7,0,1
BRDA:199,7,1,38
DA:200,38
DA:201,38
DA:202,38
BRDA:202,8,0,26
BRDA:202,8,1,3
DA:203,26
DA:204,26
DA:206,26
DA:208,26
DA:212,26
DA:213,12
BRDA:213,9,0,3
BRDA:213,9,1,9
DA:214,3
DA:218,3
DA:221,9
DA:224,38
FN:227,ICOManager.InitTokenomics
FNDA:39,ICOManager.InitTokenomics
DA:228,39
DA:230,39
DA:232,39
DA:234,39
DA:236,39
DA:238,39
DA:240,39
DA:242,39
DA:244,39
DA:246,39
DA:248,39
DA:250,39
FN:254,ICOManager.InitVestingToken
FNDA:308,ICOManager.InitVestingToken
DA:255,308
BRDA:255,10,0,-
BRDA:255,10,1,308
DA:256,308
DA:257,308
DA:258,308
DA:259,7924
DA:261,308
DA:264,308
FN:269,ICOManager.getRate
FNDA:0,ICOManager.getRate
DA:270,26
DA:271,26
FN:274,ICOManager.buyICOToken
FNDA:7,ICOManager.buyICOToken
DA:275,7
BRDA:275,11,0,1
BRDA:275,11,1,6
DA:276,6
BRDA:276,12,0,1
BRDA:276,12,1,5
DA:277,5
BRDA:277,13,0,1
BRDA:277,13,1,1
DA:278,4
BRDA:278,14,0,1
BRDA:278,14,1,1
DA:279,3
BRDA:279,15,0,1
BRDA:279,15,1,1
DA:280,2
BRDA:280,16,0,1
BRDA:280,16,1,1
DA:281,1
BRDA:281,17,0,1
FN:284,ICOManager.buyToken
FNDA:26,ICOManager.buyToken
DA:285,26
DA:286,26
BRDA:286,18,0,7
BRDA:286,18,1,19
DA:287,19
DA:288,19
BRDA:288,19,0,7
BRDA:288,19,1,12
DA:289,12
DA:290,12
DA:291,12
DA:292,12
FN:295,ICOManager.buyStrategicToken
FNDA:1,ICOManager.buyStrategicToken
DA:296,1
FN:299,ICOManager.buySeedToken
FNDA:1,ICOManager.buySeedToken
DA:300,1
FN:303,ICOManager.buyPrivateSaleToken
FNDA:1,ICOManager.buyPrivateSaleToken
DA:304,1
FN:307,ICOManager.buyIDOToken
FNDA:1,ICOManager.buyIDOToken
DA:308,1
FN:311,ICOManager.buyPublicSaleToken
FNDA:1,ICOManager.buyPublicSaleToken
DA:312,1
FN:315,ICOManager.buyAdvisorsToken
FNDA:3,ICOManager.buyAdvisorsToken
DA:316,3
FN:319,ICOManager.buyTeamToken
FNDA:3,ICOManager.buyTeamToken
DA:320,3
FN:323,ICOManager.buyFutureTeamToken
FNDA:3,ICOManager.buyFutureTeamToken
DA:324,3
FN:327,ICOManager.buyIncentivesToken
FNDA:3,ICOManager.buyIncentivesToken
DA:328,3
FN:331,ICOManager.buyLiquidityToken
FNDA:3,ICOManager.buyLiquidityToken
DA:332,3
FN:335,ICOManager.buyEcosystemToken
FNDA:3,ICOManager.buyEcosystemToken
DA:336,3
FN:339,ICOManager.buyLoyaltyToken
FNDA:3,ICOManager.buyLoyaltyToken
DA:340,3
FN:343,ICOManager.withdraw
FNDA:0,ICOManager.withdraw
DA:344,0
FNF:38
FNH:34
LF:104
LH:98
BRF:37
BRH:33
end_of_record
TN:
SF:src/Oracle.sol
FN:7,Oracle.
FNDA:64,Oracle.
DA:9,64
FN:12,Oracle.getLatestPrice
FNDA:54,Oracle.getLatestPrice
DA:13,54
DA:22,54
FNF:2
FNH:2
LF:3
LH:3
BRF:0
BRH:0
end_of_record
TN:
SF:src/VestingManager.sol
FN:16,VestingManager.
FNDA:42,VestingManager.
DA:17,42
FN:27,VestingManager.createVesting
FNDA:311,VestingManager.createVesting
DA:34,311
DA:36,311
FN:41,VestingManager._createVestingToken
FNDA:311,VestingManager._createVestingToken
DA:45,311
DA:47,311
FNF:3
FNH:3
LF:5
LH:5
BRF:0
BRH:0
end_of_record
TN:
SF:src/VestingToken.sol
FN:30,VestingToken.
FNDA:42,VestingToken.
DA:31,42
DA:32,42
FN:58,VestingToken.onlyMinter
FNDA:14,VestingToken.onlyMinter
DA:59,14
BRDA:59,0,0,-
DA:60,0
FN:66,VestingToken.onlyVestingManager
FNDA:311,VestingToken.onlyVestingManager
DA:67,311
BRDA:67,1,0,-
DA:68,0
FN:82,VestingToken.initialize
FNDA:311,VestingToken.initialize
DA:86,311
DA:88,311
DA:89,311
DA:90,311
FN:95,VestingToken.getMinter
FNDA:12,VestingToken.getMinter
DA:96,12
FN:105,VestingToken.setVestingSchedule
FNDA:311,VestingToken.setVestingSchedule
DA:109,311
BRDA:109,2,0,-
BRDA:109,2,1,311
DA:110,311
DA:112,311
DA:114,311
DA:115,311
DA:116,311
DA:118,311
DA:119,7927
FN:123,VestingToken._checkVestingSchedule
FNDA:311,VestingToken._checkVestingSchedule
DA:129,311
BRDA:129,3,0,-
DA:130,0
DA:133,311
BRDA:133,4,0,-
DA:134,0
DA:137,311
DA:139,311
DA:140,7927
DA:142,7927
DA:144,7927
BRDA:144,5,0,-
DA:145,0
DA:149,311
BRDA:149,6,0,-
DA:150,0
FN:161,VestingToken.mint
FNDA:14,VestingToken.mint
DA:162,14
BRDA:162,7,0,-
DA:163,0
DA:166,14
DA:168,14
DA:170,14
DA:171,14
FN:181,VestingToken.claim
FNDA:55,VestingToken.claim
DA:182,55
DA:183,55
BRDA:183,8,0,-
DA:184,0
DA:187,55
DA:189,55
DA:190,55
FN:197,VestingToken.getVestingSchedule
FNDA:14,VestingToken.getVestingSchedule
DA:198,14
FN:201,VestingToken.unlockedSupply
FNDA:0,VestingToken.unlockedSupply
DA:202,0
FN:205,VestingToken.lockedSupply
FNDA:0,VestingToken.lockedSupply
DA:206,0
FN:209,VestingToken.availableBalanceOf
FNDA:393,VestingToken.availableBalanceOf
DA:210,448
FN:217,VestingToken._unlockedOf
FNDA:448,VestingToken._unlockedOf
DA:218,448
FN:221,VestingToken._totalUnlocked
FNDA:0,VestingToken._totalUnlocked
DA:222,0
FN:230,VestingToken._computeUnlocked
FNDA:448,VestingToken._computeUnlocked
DA:231,448
BRDA:231,9,0,59
DA:232,59
DA:235,389
DA:236,389
DA:237,389
DA:239,389
DA:240,389
DA:241,389
DA:243,389
DA:244,5550
DA:245,5550
DA:246,5550
DA:248,5550
BRDA:248,10,0,314
BRDA:248,10,1,5236
DA:249,314
DA:250,314
DA:252,314
DA:254,314
DA:256,5236
DA:257,5236
FN:265,VestingToken._update
FNDA:69,VestingToken._update
DA:267,69
BRDA:267,11,0,-
DA:268,0
DA:270,69
FNF:17
FNH:14
LF:71
LH:59
BRF:14
BRH:4
end_of_record
TN:
SF:test/ICOManagerConst.t_test.sol
FN:46,ICOManagerConst.InitStrategicData
FNDA:4,ICOManagerConst.InitStrategicData
DA:47,4
DA:48,4
DA:49,4
DA:50,4
DA:51,4
DA:52,4
DA:53,4
DA:54,4
DA:55,4
DA:56,4
DA:57,4
DA:58,4
DA:59,4
DA:61,4
DA:63,4
DA:65,4
DA:67,4
DA:69,4
DA:71,4
DA:73,4
DA:75,4
DA:77,4
DA:79,4
DA:81,4
DA:84,4
DA:85,4
DA:86,4
DA:87,4
DA:88,4
DA:89,4
DA:90,4
DA:91,4
DA:92,4
DA:93,4
DA:94,4
DA:95,4
DA:96,4
FN:99,ICOManagerConst.InitSeedData
FNDA:4,ICOManagerConst.InitSeedData
DA:100,4
DA:101,4
DA:102,4
DA:103,4
DA:104,4
DA:105,4
DA:106,4
DA:107,4
DA:108,4
DA:109,4
DA:110,4
DA:111,4
DA:112,4
DA:114,4
DA:116,4
DA:118,4
DA:120,4
DA:122,4
DA:124,4
DA:126,4
DA:128,4
DA:130,4
DA:132,4
DA:134,4
DA:137,4
DA:138,4
DA:139,4
DA:140,4
DA:141,4
DA:142,4
DA:143,4
DA:144,4
DA:145,4
DA:146,4
DA:147,4
DA:148,4
DA:149,4
FN:152,ICOManagerConst.InitPrivateSaleData
FNDA:4,ICOManagerConst.InitPrivateSaleData
DA:153,4
DA:154,4
DA:155,4
DA:156,4
DA:157,4
DA:158,4
DA:159,4
DA:160,4
DA:161,4
DA:162,4
DA:163,4
DA:164,4
DA:165,4
DA:167,4
DA:169,4
DA:171,4
DA:173,4
DA:175,4
DA:177,4
DA:179,4
DA:181,4
DA:183,4
DA:185,4
DA:187,4
DA:190,4
DA:191,4
DA:192,4
DA:193,4
DA:194,4
DA:195,4
DA:196,4
DA:197,4
DA:198,4
DA:199,4
DA:200,4
DA:201,4
DA:202,4
FN:205,ICOManagerConst.InitIDOData
FNDA:4,ICOManagerConst.InitIDOData
DA:206,4
DA:207,4
DA:208,4
DA:209,4
DA:210,4
DA:211,4
DA:212,4
DA:213,4
DA:214,4
DA:215,4
DA:216,4
DA:217,4
DA:218,4
DA:220,4
DA:222,4
DA:224,4
DA:226,4
DA:228,4
DA:230,4
DA:232,4
DA:234,4
DA:236,4
DA:238,4
DA:240,4
DA:243,4
DA:244,4
DA:245,4
DA:246,4
DA:247,4
DA:248,4
DA:249,4
DA:250,4
DA:251,4
DA:252,4
DA:253,4
DA:254,4
DA:255,4
FN:258,ICOManagerConst.InitPublicSaleData
FNDA:4,ICOManagerConst.InitPublicSaleData
DA:259,4
DA:260,4
DA:261,4
DA:262,4
DA:263,4
DA:264,4
DA:265,4
DA:266,4
DA:267,4
DA:268,4
DA:269,4
DA:270,4
DA:271,4
DA:273,4
DA:275,4
DA:277,4
DA:279,4
DA:281,4
DA:283,4
DA:285,4
DA:287,4
DA:289,4
DA:291,4
DA:293,4
DA:296,4
DA:297,4
DA:298,4
DA:299,4
DA:300,4
DA:301,4
DA:302,4
DA:303,4
DA:304,4
DA:305,4
DA:306,4
DA:307,4
DA:308,4
FN:311,ICOManagerConst.InitAdvisorsData
FNDA:3,ICOManagerConst.InitAdvisorsData
DA:312,3
DA:313,3
DA:314,3
DA:315,3
DA:316,3
DA:317,3
DA:318,3
DA:319,3
DA:320,3
DA:321,3
DA:322,3
DA:323,3
DA:324,3
DA:326,3
DA:328,3
DA:330,3
DA:332,3
DA:334,3
DA:336,3
DA:338,3
DA:340,3
DA:342,3
DA:344,3
DA:346,3
DA:349,3
DA:350,3
DA:351,3
DA:352,3
DA:353,3
DA:354,3
DA:355,3
DA:356,3
DA:357,3
DA:358,3
DA:359,3
DA:360,3
DA:361,3
FN:364,ICOManagerConst.InitTeamData
FNDA:3,ICOManagerConst.InitTeamData
DA:365,3
DA:366,3
DA:367,3
DA:368,3
DA:369,3
DA:370,3
DA:371,3
DA:372,3
DA:373,3
DA:374,3
DA:375,3
DA:376,3
DA:377,3
DA:379,3
DA:381,3
DA:383,3
DA:385,3
DA:387,3
DA:389,3
DA:391,3
DA:393,3
DA:395,3
DA:397,3
DA:399,3
DA:402,3
DA:403,3
DA:404,3
DA:405,3
DA:406,3
DA:407,3
DA:408,3
DA:409,3
DA:410,3
DA:411,3
DA:412,3
DA:413,3
DA:414,3
FN:417,ICOManagerConst.InitFutureTeamData
FNDA:3,ICOManagerConst.InitFutureTeamData
DA:418,3
DA:419,3
DA:420,3
DA:421,3
DA:422,3
DA:423,3
DA:424,3
DA:425,3
DA:426,3
DA:427,3
DA:428,3
DA:429,3
DA:430,3
DA:432,3
DA:434,3
DA:436,3
DA:438,3
DA:440,3
DA:442,3
DA:444,3
DA:446,3
DA:448,3
DA:450,3
DA:452,3
DA:455,3
DA:456,3
DA:457,3
DA:458,3
DA:459,3
DA:460,3
DA:461,3
DA:462,3
DA:463,3
DA:464,3
DA:465,3
DA:466,3
DA:467,3
FN:470,ICOManagerConst.InitIncentivesData
FNDA:3,ICOManagerConst.InitIncentivesData
DA:471,3
DA:472,3
DA:473,3
DA:474,3
DA:475,3
DA:476,3
DA:477,3
DA:478,3
DA:479,3
DA:480,3
DA:481,3
DA:482,3
DA:483,3
DA:485,3
DA:487,3
DA:489,3
DA:491,3
DA:493,3
DA:495,3
DA:497,3
DA:499,3
DA:501,3
DA:503,3
DA:505,3
DA:508,3
DA:509,3
DA:510,3
DA:511,3
DA:512,3
DA:513,3
DA:514,3
DA:515,3
DA:516,3
DA:517,3
DA:518,3
DA:519,3
DA:520,3
FN:523,ICOManagerConst.InitLiquidityData
FNDA:3,ICOManagerConst.InitLiquidityData
DA:524,3
DA:525,3
DA:526,3
DA:527,3
DA:528,3
DA:529,3
DA:530,3
DA:531,3
DA:532,3
DA:533,3
DA:534,3
DA:535,3
DA:536,3
DA:538,3
DA:540,3
DA:542,3
DA:544,3
DA:546,3
DA:548,3
DA:550,3
DA:552,3
DA:554,3
DA:556,3
DA:558,3
DA:561,3
DA:562,3
DA:563,3
DA:564,3
DA:565,3
DA:566,3
DA:567,3
DA:568,3
DA:569,3
DA:570,3
DA:571,3
DA:572,3
DA:573,3
FN:576,ICOManagerConst.InitEcosystemData
FNDA:3,ICOManagerConst.InitEcosystemData
DA:577,3
DA:578,3
DA:579,3
DA:580,3
DA:581,3
DA:582,3
DA:583,3
DA:584,3
DA:585,3
DA:586,3
DA:587,3
DA:588,3
DA:589,3
DA:591,3
DA:593,3
DA:595,3
DA:597,3
DA:599,3
DA:601,3
DA:603,3
DA:605,3
DA:607,3
DA:609,3
DA:611,3
DA:614,3
DA:615,3
DA:616,3
DA:617,3
DA:618,3
DA:619,3
DA:620,3
DA:621,3
DA:622,3
DA:623,3
DA:624,3
DA:625,3
DA:626,3
FN:629,ICOManagerConst.InitLoyaltyData
FNDA:3,ICOManagerConst.InitLoyaltyData
DA:630,3
DA:631,3
DA:632,3
DA:633,3
DA:634,3
DA:635,3
DA:636,3
DA:637,3
DA:638,3
DA:639,3
DA:640,3
DA:641,3
DA:642,3
DA:644,3
DA:646,3
DA:648,3
DA:650,3
DA:652,3
DA:654,3
DA:656,3
DA:658,3
DA:660,3
DA:662,3
DA:664,3
DA:667,3
DA:668,3
DA:669,3
DA:670,3
DA:671,3
DA:672,3
DA:673,3
DA:674,3
DA:675,3
DA:676,3
DA:677,3
DA:678,3
DA:680,3
FNF:12
FNH:12
LF:444
LH:444
BRF:0
BRH:0
end_of_record
